# JRE version: Java(TM) SE Runtime Environment (8.0_91-b14) (build 1.8.0_91-b14)
# Java VM: Java HotSpot(TM) 64-Bit Server VM (25.91-b14 mixed mode windows-amd64 compressed oops)
Heap:
 PSYoungGen      total 650752K, used 14715K [0x00000000d5580000, 0x0000000100000000, 0x0000000100000000)
  eden space 612864K, 1% used [0x00000000d5580000,0x00000000d6174ef8,0x00000000fac00000)
  from space 37888K, 6% used [0x00000000fac00000,0x00000000fae69e80,0x00000000fd100000)
  to   space 48128K, 0% used [0x00000000fd100000,0x00000000fd100000,0x0000000100000000)
 ParOldGen       total 399360K, used 248455K [0x0000000080000000, 0x0000000098600000, 0x00000000d5580000)
  object space 399360K, 62% used [0x0000000080000000,0x000000008f2a1c30,0x0000000098600000)
 Metaspace       used 51355K, capacity 52532K, committed 52608K, reserved 1095680K
  class space    used 6343K, capacity 6778K, committed 6784K, reserved 1048576K
GC Heap History (10 events):
Event: 624.960 GC heap before
{Heap before GC invocations=53 (full 4):
 PSYoungGen      total 550400K, used 550395K [0x00000000d5580000, 0x00000000fa580000, 0x0000000100000000)
  eden space 528896K, 100% used [0x00000000d5580000,0x00000000f5a00000,0x00000000f5a00000)
  from space 21504K, 99% used [0x00000000f9080000,0x00000000fa57efc0,0x00000000fa580000)
  to   space 30208K, 0% used [0x00000000f6a80000,0x00000000f6a80000,0x00000000f8800000)
 ParOldGen       total 159232K, used 93797K [0x0000000080000000, 0x0000000089b80000, 0x00000000d5580000)
  object space 159232K, 58% used [0x0000000080000000,0x0000000085b99580,0x0000000089b80000)
 Metaspace       used 50243K, capacity 51342K, committed 51584K, reserved 1093632K
  class space    used 6303K, capacity 6745K, committed 6784K, reserved 1048576K
Event: 625.025 GC heap after
Heap after GC invocations=53 (full 4):
 PSYoungGen      total 576000K, used 25340K [0x00000000d5580000, 0x00000000ff200000, 0x0000000100000000)
  eden space 545792K, 0% used [0x00000000d5580000,0x00000000d5580000,0x00000000f6a80000)
  from space 30208K, 83% used [0x00000000f6a80000,0x00000000f833f218,0x00000000f8800000)
  to   space 33792K, 0% used [0x00000000fd100000,0x00000000fd100000,0x00000000ff200000)
 ParOldGen       total 159232K, used 113977K [0x0000000080000000, 0x0000000089b80000, 0x00000000d5580000)
  object space 159232K, 71% used [0x0000000080000000,0x0000000086f4e7b8,0x0000000089b80000)
 Metaspace       used 50243K, capacity 51342K, committed 51584K, reserved 1093632K
  class space    used 6303K, capacity 6745K, committed 6784K, reserved 1048576K
}
Event: 631.830 GC heap before
{Heap before GC invocations=54 (full 4):
 PSYoungGen      total 576000K, used 571132K [0x00000000d5580000, 0x00000000ff200000, 0x0000000100000000)
  eden space 545792K, 100% used [0x00000000d5580000,0x00000000f6a80000,0x00000000f6a80000)
  from space 30208K, 83% used [0x00000000f6a80000,0x00000000f833f218,0x00000000f8800000)
  to   space 33792K, 0% used [0x00000000fd100000,0x00000000fd100000,0x00000000ff200000)
 ParOldGen       total 159232K, used 113977K [0x0000000080000000, 0x0000000089b80000, 0x00000000d5580000)
  object space 159232K, 71% used [0x0000000080000000,0x0000000086f4e7b8,0x0000000089b80000)
 Metaspace       used 50247K, capacity 51342K, committed 51584K, reserved 1093632K
  class space    used 6303K, capacity 6745K, committed 6784K, reserved 1048576K
Event: 631.888 GC heap after
Heap after GC invocations=54 (full 4):
 PSYoungGen      total 646656K, used 27610K [0x00000000d5580000, 0x0000000100000000, 0x0000000100000000)
  eden space 612864K, 0% used [0x00000000d5580000,0x00000000d5580000,0x00000000fac00000)
  from space 33792K, 81% used [0x00000000fd100000,0x00000000febf6b18,0x00000000ff200000)
  to   space 37888K, 0% used [0x00000000fac00000,0x00000000fac00000,0x00000000fd100000)
 ParOldGen       total 159232K, used 138375K [0x0000000080000000, 0x0000000089b80000, 0x00000000d5580000)
  object space 159232K, 86% used [0x0000000080000000,0x0000000088721ea8,0x0000000089b80000)
 Metaspace       used 50247K, capacity 51342K, committed 51584K, reserved 1093632K
  class space    used 6303K, capacity 6745K, committed 6784K, reserved 1048576K
}
Event: 631.889 GC heap before
{Heap before GC invocations=55 (full 5):
 PSYoungGen      total 646656K, used 27610K [0x00000000d5580000, 0x0000000100000000, 0x0000000100000000)
  eden space 612864K, 0% used [0x00000000d5580000,0x00000000d5580000,0x00000000fac00000)
  from space 33792K, 81% used [0x00000000fd100000,0x00000000febf6b18,0x00000000ff200000)
  to   space 37888K, 0% used [0x00000000fac00000,0x00000000fac00000,0x00000000fd100000)
 ParOldGen       total 159232K, used 138375K [0x0000000080000000, 0x0000000089b80000, 0x00000000d5580000)
  object space 159232K, 86% used [0x0000000080000000,0x0000000088721ea8,0x0000000089b80000)
 Metaspace       used 50247K, capacity 51342K, committed 51584K, reserved 1093632K
  class space    used 6303K, capacity 6745K, committed 6784K, reserved 1048576K
Event: 632.233 GC heap after
Heap after GC invocations=55 (full 5):
 PSYoungGen      total 646656K, used 0K [0x00000000d5580000, 0x0000000100000000, 0x0000000100000000)
  eden space 612864K, 0% used [0x00000000d5580000,0x00000000d5580000,0x00000000fac00000)
  from space 33792K, 0% used [0x00000000fd100000,0x00000000fd100000,0x00000000ff200000)
  to   space 37888K, 0% used [0x00000000fac00000,0x00000000fac00000,0x00000000fd100000)
 ParOldGen       total 248832K, used 145307K [0x0000000080000000, 0x000000008f300000, 0x00000000d5580000)
  object space 248832K, 58% used [0x0000000080000000,0x0000000088de6d90,0x000000008f300000)
 Metaspace       used 50247K, capacity 51342K, committed 51584K, reserved 1093632K
  class space    used 6303K, capacity 6745K, committed 6784K, reserved 1048576K
}
Event: 647.742 GC heap before
{Heap before GC invocations=56 (full 5):
 PSYoungGen      total 646656K, used 612864K [0x00000000d5580000, 0x0000000100000000, 0x0000000100000000)
  eden space 612864K, 100% used [0x00000000d5580000,0x00000000fac00000,0x00000000fac00000)
  from space 33792K, 0% used [0x00000000fd100000,0x00000000fd100000,0x00000000ff200000)
  to   space 37888K, 0% used [0x00000000fac00000,0x00000000fac00000,0x00000000fd100000)
 ParOldGen       total 248832K, used 145307K [0x0000000080000000, 0x000000008f300000, 0x00000000d5580000)
  object space 248832K, 58% used [0x0000000080000000,0x0000000088de6d90,0x000000008f300000)
 Metaspace       used 51355K, capacity 52532K, committed 52608K, reserved 1095680K
  class space    used 6343K, capacity 6778K, committed 6784K, reserved 1048576K
Event: 648.072 GC heap after
Heap after GC invocations=56 (full 5):
 PSYoungGen      total 650752K, used 37881K [0x00000000d5580000, 0x0000000100000000, 0x0000000100000000)
  eden space 612864K, 0% used [0x00000000d5580000,0x00000000d5580000,0x00000000fac00000)
  from space 37888K, 99% used [0x00000000fac00000,0x00000000fd0fe698,0x00000000fd100000)
  to   space 48128K, 0% used [0x00000000fd100000,0x00000000fd100000,0x0000000100000000)
 ParOldGen       total 248832K, used 233086K [0x0000000080000000, 0x000000008f300000, 0x00000000d5580000)
  object space 248832K, 93% used [0x0000000080000000,0x000000008e39fbc0,0x000000008f300000)
 Metaspace       used 51355K, capacity 52532K, committed 52608K, reserved 1095680K
  class space    used 6343K, capacity 6778K, committed 6784K, reserved 1048576K
}
Event: 648.072 GC heap before
{Heap before GC invocations=57 (full 6):
 PSYoungGen      total 650752K, used 37881K [0x00000000d5580000, 0x0000000100000000, 0x0000000100000000)
  eden space 612864K, 0% used [0x00000000d5580000,0x00000000d5580000,0x00000000fac00000)
  from space 37888K, 99% used [0x00000000fac00000,0x00000000fd0fe698,0x00000000fd100000)
  to   space 48128K, 0% used [0x00000000fd100000,0x00000000fd100000,0x0000000100000000)
 ParOldGen       total 248832K, used 233086K [0x0000000080000000, 0x000000008f300000, 0x00000000d5580000)
  object space 248832K, 93% used [0x0000000080000000,0x000000008e39fbc0,0x000000008f300000)
 Metaspace       used 51355K, capacity 52532K, committed 52608K, reserved 1095680K
  class space    used 6343K, capacity 6778K, committed 6784K, reserved 1048576K
Event: 649.432 GC heap after
Heap after GC invocations=57 (full 6):
 PSYoungGen      total 650752K, used 2471K [0x00000000d5580000, 0x0000000100000000, 0x0000000100000000)
  eden space 612864K, 0% used [0x00000000d5580000,0x00000000d5580000,0x00000000fac00000)
  from space 37888K, 6% used [0x00000000fac00000,0x00000000fae69e80,0x00000000fd100000)
  to   space 48128K, 0% used [0x00000000fd100000,0x00000000fd100000,0x0000000100000000)
 ParOldGen       total 399360K, used 248455K [0x0000000080000000, 0x0000000098600000, 0x00000000d5580000)
  object space 399360K, 62% used [0x0000000080000000,0x000000008f2a1c30,0x0000000098600000)
 Metaspace       used 51355K, capacity 52532K, committed 52608K, reserved 1095680K
  class space    used 6343K, capacity 6778K, committed 6784K, reserved 1048576K
}

